Case #1: [E, A]
Case #2: [R, I, R]
Case #3: [F, D, T]
Case #4: [Z, E, R, A]
Case #5: []
Case #6: [F, W, E, Q, F, R, W, Z, Q]
Case #7: [A, W, A, R, E, N, E, S, S]
Case #8: [S, D, N, Q, W, A, D, S, S]
Case #9: [S, W, E, R, F, S, E, K, S]
Case #10: [N, A, W, E, A, R, R, F, A]
Case #11: [B, Q, F, Q, E, R, R, W, A]
Case #12: [W, A, W, E, Y, Q, R, R, Q]
Case #13: []
Case #14: []
Case #15: [M, M, D, R, W, R, R, S]
Case #16: [F, F, W, P, F, P, D, F]
Case #17: []
Case #18: [F]
Case #19: [F, E, T, D, T, S, R, E]
Case #20: [E, Q, D, D, N, W, F, F, F]
Case #21: [S, U, S, A, W, F, U, A]
Case #22: [D, E, A, F, D, E, A, R, S]
Case #23: [W, K, E]
Case #24: [E, D, R, E, A, Q, L, L]
Case #25: [S]
Case #26: [W, E, J, F, F, R, D, R, Q]
Case #27: [R, F, W, P, F, W]
Case #28: [R, O, F, W, D, A, Q, Q, Q]
Case #29: [W, D, W, R, A, D, P, P]
Case #30: [A, E, E, Q, D, W, E, D, C]
Case #31: [F, B, F, E, F, Q, D, R, D]
Case #32: [Q, Q, W, E, R, G, D, F, S]
Case #33: [D, A, Q, D, F, Q, P, F, F]
Case #34: [R, E, W, W]
Case #35: [F, S, R]
Case #36: [Q, A, D]
Case #37: [D, F, W, S, W, W, W, D, Z]
Case #38: [S, T, W, S, F, S, W, F, D]
Case #39: [X, R, E, W]
Case #40: []
Case #41: [E, W, S, E, S, Y, D, W, D]
Case #42: [W, W, Q, S, J, A, D, A, D]
Case #43: [A, F, D, S, F, R, A, K, F]
Case #44: [F, J, A, R, F, R, D, E, A]
Case #45: [D, R, P, P, S]
Case #46: [F, F, D, F, F, O, O, A]
Case #47: [S, Q]
Case #48: [R, S, Q, S, X, F, S, D, F]
Case #49: []
Case #50: [J, R, A, W, Q, F, J, F]
Case #51: [L, F, D, D, S, Q, Q, Q, S]
Case #52: [R, D, D, S, S, M, D]
Case #53: [R, S, S, Q, D, D, W, S, M]
Case #54: [S, Q, S, S, D, S, I, Q, D]
Case #55: [Q, R, D, Y, S, R, A, R, E]
Case #56: [A, F]
Case #57: [Z, Z, Z, Z, Z]
Case #58: [R, D, E]
Case #59: [Q, E, F, D, D, R, A, V, E]
Case #60: [M, A]
Case #61: [D, A, D, S, S, W, D, K, Q]
Case #62: [Q, D, F, D, O, E, D, S, W]
Case #63: [A, W, R, S, R, R, S, R, Y]
Case #64: [S, A, D, W, Q, B, R, F, Q]
Case #65: [A, Q, D, O, S, D, S, S, A]
Case #66: [F, F]
Case #67: [E, A, W, E, R, W, O, Q, Q]
Case #68: [W, S, A, H, D, D, Q, D, R]
Case #69: [S, M, W, E, R, W, F, D, R]
Case #70: [Q, W, A, R, T, T, D, S]
Case #71: [E, R, W, R, A, S, E, E, U]
Case #72: [E, W, F, F, X, W, W, W, E]
Case #73: [U, W, D, S, R, S]
Case #74: [A, E, R, W, A, W, S, D]
Case #75: [E, J, W, J, W]
Case #76: [Q, D, Q, F, X, R, D, R, A]
Case #77: [E, W, A, F, D, V, W, R, A]
Case #78: [S]
Case #79: [A, A, A, A, A, A, A, A, A, A]
Case #80: [E, D, A, R, A, R, D, N, S]
Case #81: [W, E, F, S, E, D, D, J, W]
Case #82: [G, G, R, Q, Q, R, Q, D]
Case #83: [E, D]
Case #84: []
Case #85: [X, S, S, Q, R, F, R, E, R]
Case #86: [F, P, S]
Case #87: [W, G]
Case #88: [K]
Case #89: []
Case #90: []
Case #91: [E, Q, Q]
Case #92: [D, S, F, A, D, X, W, X]
Case #93: [A, F, A, E, A, R, J, A, D]
Case #94: [W, W, R, W, Q, E, X, X]
Case #95: [S]
Case #96: [T]
Case #97: [L, L, A, R, Q, A, A, R]
Case #98: [E, Q, W, S, N, W, E, F, A]
Case #99: []
Case #100: [D, S, V]
