生成启动时间为 2011/11/17 20:17:20。
     1>项目“C:\Users\liuzixing\Desktop\周赛\周赛\周赛.vcxproj”在节点 2 上(build 个目标)。
     1>InitializeBuildStatus:
         正在对“Debug\周赛.unsuccessfulbuild”执行 Touch 任务。
       ClCompile:
         所有输出均为最新。
       ManifestResourceCompile:
         所有输出均为最新。
       Link:
         D:\Program Files\Microsoft Visual Studio 10.0\VC\bin\link.exe /ERRORREPORT:PROMPT /OUT:"C:\Users\liuzixing\Desktop\周赛\Debug\周赛.exe" /INCREMENTAL /NOLOGO kernel32.lib user32.lib gdi32.lib winspool.lib comdlg32.lib advapi32.lib shell32.lib ole32.lib oleaut32.lib uuid.lib odbc32.lib odbccp32.lib /MANIFEST /ManifestFile:"Debug\周赛.exe.intermediate.manifest" /MANIFESTUAC:"level='asInvoker' uiAccess='false'" /DEBUG /PDB:"C:\Users\liuzixing\Desktop\周赛\Debug\周赛.pdb" /SUBSYSTEM:CONSOLE /TLBID:1 /DYNAMICBASE /NXCOMPAT /IMPLIB:"C:\Users\liuzixing\Desktop\周赛\Debug\周赛.lib" /MACHINE:X86 "Debug\周赛.exe.embed.manifest.res"
         Debug\1014.obj
       Manifest:
         C:\Program Files\Microsoft SDKs\Windows\v7.0A\bin\mt.exe /nologo /verbose /out:"Debug\周赛.exe.embed.manifest" /manifest "Debug\周赛.exe.intermediate.manifest"
         所有输出均为最新。
       LinkEmbedManifest:
         所有输出均为最新。
         周赛.vcxproj -> C:\Users\liuzixing\Desktop\周赛\Debug\周赛.exe
       FinalizeBuildStatus:
         正在删除文件“Debug\周赛.unsuccessfulbuild”。
         正在对“Debug\周赛.lastbuildstate”执行 Touch 任务。
     1>已完成生成项目“C:\Users\liuzixing\Desktop\周赛\周赛\周赛.vcxproj”(build 个目标)的操作。

生成成功。

已用时间 00:00:00.40
