生成启动时间为 2011/10/30 13:54:45。
     1>项目“C:\Users\liuzixing\Desktop\cf\cf\cf.vcxproj”在节点 2 上(build 个目标)。
     1>InitializeBuildStatus:
         正在创建“Debug\cf.unsuccessfulbuild”，因为已指定“AlwaysCreate”。
       ClCompile:
         D:\Program Files\Microsoft Visual Studio 10.0\VC\bin\CL.exe /c /ZI /nologo /W3 /WX- /Od /Oy- /D WIN32 /D _DEBUG /D _CONSOLE /D _UNICODE /D UNICODE /Gm /EHsc /RTC1 /MDd /GS /fp:precise /Zc:wchar_t /Zc:forScope /Fo"Debug\\" /Fd"Debug\vc100.pdb" /Gd /TP /analyze- /errorReport:prompt "C_Lucky Permutation.cpp"
         C_Lucky Permutation.cpp
     1>c:\users\liuzixing\desktop\cf\cf\c_lucky permutation.cpp(15): warning C4244: “=”: 从“__int64”转换到“int”，可能丢失数据
     1>c:\users\liuzixing\desktop\cf\cf\c_lucky permutation.cpp(16): warning C4244: “-=”: 从“__int64”转换到“int”，可能丢失数据
     1>c:\users\liuzixing\desktop\cf\cf\c_lucky permutation.cpp(55): warning C4996: 'scanf': This function or variable may be unsafe. Consider using scanf_s instead. To disable deprecation, use _CRT_SECURE_NO_WARNINGS. See online help for details.
                 d:\program files\microsoft visual studio 10.0\vc\include\stdio.h(304) : 参见“scanf”的声明
     1>c:\users\liuzixing\desktop\cf\cf\c_lucky permutation.cpp(65): warning C4244: “参数”: 从“__int64”转换到“int”，可能丢失数据
       ManifestResourceCompile:
         所有输出均为最新。
       Link:
         D:\Program Files\Microsoft Visual Studio 10.0\VC\bin\link.exe /ERRORREPORT:PROMPT /OUT:"C:\Users\liuzixing\Desktop\cf\Debug\cf.exe" /INCREMENTAL /NOLOGO kernel32.lib user32.lib gdi32.lib winspool.lib comdlg32.lib advapi32.lib shell32.lib ole32.lib oleaut32.lib uuid.lib odbc32.lib odbccp32.lib /MANIFEST /ManifestFile:"Debug\cf.exe.intermediate.manifest" /MANIFESTUAC:"level='asInvoker' uiAccess='false'" /DEBUG /PDB:"C:\Users\liuzixing\Desktop\cf\Debug\cf.pdb" /SUBSYSTEM:CONSOLE /TLBID:1 /DYNAMICBASE /NXCOMPAT /IMPLIB:"C:\Users\liuzixing\Desktop\cf\Debug\cf.lib" /MACHINE:X86 Debug\cf.exe.embed.manifest.res
         "Debug\C_Lucky Permutation.obj"
       Manifest:
         C:\Program Files\Microsoft SDKs\Windows\v7.0A\bin\mt.exe /nologo /verbose /out:"Debug\cf.exe.embed.manifest" /manifest Debug\cf.exe.intermediate.manifest
         所有输出均为最新。
       LinkEmbedManifest:
         所有输出均为最新。
         cf.vcxproj -> C:\Users\liuzixing\Desktop\cf\Debug\cf.exe
       FinalizeBuildStatus:
         正在删除文件“Debug\cf.unsuccessfulbuild”。
         正在对“Debug\cf.lastbuildstate”执行 Touch 任务。
     1>已完成生成项目“C:\Users\liuzixing\Desktop\cf\cf\cf.vcxproj”(build 个目标)的操作。

生成成功。

已用时间 00:00:01.01
