生成启动时间为 2011/12/21 23:45:59。
     1>项目“F:\学习\ACM\soj\soj\soj.vcxproj”在节点 2 上(build 个目标)。
     1>InitializeBuildStatus:
         正在创建“Debug\soj.unsuccessfulbuild”，因为已指定“AlwaysCreate”。
       ClCompile:
         D:\Program Files\Microsoft Visual Studio 10.0\VC\bin\CL.exe /c /ZI /nologo /W3 /WX- /Od /Oy- /D WIN32 /D _DEBUG /D _CONSOLE /D _UNICODE /D UNICODE /Gm /EHsc /RTC1 /MDd /GS /fp:precise /Zc:wchar_t /Zc:forScope /Fo"Debug\\" /Fd"Debug\vc100.pdb" /Gd /TP /analyze- /errorReport:prompt "soj4471-Sequence(分解因数版).cpp"
         soj4471-Sequence(分解因数版).cpp
     1>f:\学习\acm\soj\soj\soj4471-sequence(分解因数版).cpp(7): warning C4996: 'scanf': This function or variable may be unsafe. Consider using scanf_s instead. To disable deprecation, use _CRT_SECURE_NO_WARNINGS. See online help for details.
                 d:\program files\microsoft visual studio 10.0\vc\include\stdio.h(304) : 参见“scanf”的声明
       ManifestResourceCompile:
         所有输出均为最新。
       Link:
         D:\Program Files\Microsoft Visual Studio 10.0\VC\bin\link.exe /ERRORREPORT:PROMPT /OUT:"F:\学习\ACM\soj\Debug\soj.exe" /INCREMENTAL /NOLOGO kernel32.lib user32.lib gdi32.lib winspool.lib comdlg32.lib advapi32.lib shell32.lib ole32.lib oleaut32.lib uuid.lib odbc32.lib odbccp32.lib /MANIFEST /ManifestFile:"Debug\soj.exe.intermediate.manifest" /MANIFESTUAC:"level='asInvoker' uiAccess='false'" /DEBUG /PDB:"F:\学习\ACM\soj\Debug\soj.pdb" /SUBSYSTEM:CONSOLE /TLBID:1 /DYNAMICBASE /NXCOMPAT /IMPLIB:"F:\学习\ACM\soj\Debug\soj.lib" /MACHINE:X86 Debug\soj.exe.embed.manifest.res
         "Debug\soj4471-Sequence(分解因数版).obj"
       Manifest:
         C:\Program Files\Microsoft SDKs\Windows\v7.0A\bin\mt.exe /nologo /verbose /out:"Debug\soj.exe.embed.manifest" /manifest Debug\soj.exe.intermediate.manifest
         所有输出均为最新。
       LinkEmbedManifest:
         所有输出均为最新。
         soj.vcxproj -> F:\学习\ACM\soj\Debug\soj.exe
       FinalizeBuildStatus:
         正在删除文件“Debug\soj.unsuccessfulbuild”。
         正在对“Debug\soj.lastbuildstate”执行 Touch 任务。
     1>已完成生成项目“F:\学习\ACM\soj\soj\soj.vcxproj”(build 个目标)的操作。

生成成功。

已用时间 00:00:00.64
