F:\学习\ACM\SPOJ\DEBUG\SPOJ.EXE
F:\学习\ACM\SPOJ\DEBUG\SPOJ.ILK
F:\学习\ACM\SPOJ\DEBUG\SPOJ.PDB
F:\学习\ACM\spoj\spoj\Debug\cl.command.1.tlog
F:\学习\ACM\spoj\spoj\Debug\CL.read.1.tlog
F:\学习\ACM\spoj\spoj\Debug\CL.write.1.tlog
F:\学习\ACM\spoj\spoj\Debug\link.3916.read.1.tlog
F:\学习\ACM\spoj\spoj\Debug\link.3916.write.1.tlog
F:\学习\ACM\spoj\spoj\Debug\link.3916-cvtres.read.1.tlog
F:\学习\ACM\spoj\spoj\Debug\link.3916-cvtres.write.1.tlog
F:\学习\ACM\spoj\spoj\Debug\link.command.1.tlog
F:\学习\ACM\spoj\spoj\Debug\link.read.1.tlog
F:\学习\ACM\spoj\spoj\Debug\link.write.1.tlog
F:\学习\ACM\spoj\spoj\Debug\link-cvtres.read.1.tlog
F:\学习\ACM\spoj\spoj\Debug\link-cvtres.write.1.tlog
F:\学习\ACM\spoj\spoj\Debug\mt.command.1.tlog
F:\学习\ACM\spoj\spoj\Debug\mt.read.1.tlog
F:\学习\ACM\spoj\spoj\Debug\mt.write.1.tlog
F:\学习\ACM\spoj\spoj\Debug\rc.command.1.tlog
F:\学习\ACM\spoj\spoj\Debug\rc.read.1.tlog
F:\学习\ACM\spoj\spoj\Debug\rc.write.1.tlog
F:\学习\ACM\SPOJ\SPOJ\DEBUG\SPOJ.EXE.EMBED.MANIFEST
F:\学习\ACM\SPOJ\SPOJ\DEBUG\SPOJ.EXE.EMBED.MANIFEST.RES
F:\学习\ACM\SPOJ\SPOJ\DEBUG\SPOJ.EXE.INTERMEDIATE.MANIFEST
F:\学习\ACM\spoj\spoj\Debug\spoj_manifest.rc
F:\学习\ACM\SPOJ\SPOJ\DEBUG\SPOJ1182-SORTED BIT SQUENCE.OBJ
F:\学习\ACM\spoj\spoj\Debug\vc100.idb
F:\学习\ACM\SPOJ\SPOJ\DEBUG\VC100.PDB
