生成启动时间为 2012/2/25 星期六 0:56:46。
     1>项目“C:\Users\liuzixing\Desktop\cf\109div2\109div2\109div2.vcxproj”在节点 2 上(build 个目标)。
     1>InitializeBuildStatus:
         正在创建“Debug\109div2.unsuccessfulbuild”，因为已指定“AlwaysCreate”。
       ClCompile:
         D:\Program Files\Microsoft Visual Studio 10.0\VC\bin\CL.exe /c /ZI /nologo /W3 /WX- /Od /Oy- /D WIN32 /D _DEBUG /D _CONSOLE /D _UNICODE /D UNICODE /Gm /EHsc /RTC1 /MDd /GS /fp:precise /Zc:wchar_t /Zc:forScope /Fo"Debug\\" /Fd"Debug\vc100.pdb" /Gd /TP /analyze- /errorReport:prompt C.cpp
         C.cpp
     1>c:\users\liuzixing\desktop\cf\109div2\109div2\c.cpp(20): warning C4996: 'scanf': This function or variable may be unsafe. Consider using scanf_s instead. To disable deprecation, use _CRT_SECURE_NO_WARNINGS. See online help for details.
                 d:\program files\microsoft visual studio 10.0\vc\include\stdio.h(304) : 参见“scanf”的声明
     1>c:\users\liuzixing\desktop\cf\109div2\109div2\c.cpp(31): warning C4018: “<”: 有符号/无符号不匹配
     1>c:\users\liuzixing\desktop\cf\109div2\109div2\c.cpp(31): warning C4018: “<”: 有符号/无符号不匹配
       ManifestResourceCompile:
         所有输出均为最新。
       Link:
         D:\Program Files\Microsoft Visual Studio 10.0\VC\bin\link.exe /ERRORREPORT:PROMPT /OUT:"C:\Users\liuzixing\Desktop\cf\109div2\Debug\109div2.exe" /INCREMENTAL /NOLOGO kernel32.lib user32.lib gdi32.lib winspool.lib comdlg32.lib advapi32.lib shell32.lib ole32.lib oleaut32.lib uuid.lib odbc32.lib odbccp32.lib /MANIFEST /ManifestFile:"Debug\109div2.exe.intermediate.manifest" /MANIFESTUAC:"level='asInvoker' uiAccess='false'" /DEBUG /PDB:"C:\Users\liuzixing\Desktop\cf\109div2\Debug\109div2.pdb" /SUBSYSTEM:CONSOLE /TLBID:1 /DYNAMICBASE /NXCOMPAT /IMPLIB:"C:\Users\liuzixing\Desktop\cf\109div2\Debug\109div2.lib" /MACHINE:X86 Debug\109div2.exe.embed.manifest.res
         Debug\C.obj
       Manifest:
         C:\Program Files\Microsoft SDKs\Windows\v7.0A\bin\mt.exe /nologo /verbose /out:"Debug\109div2.exe.embed.manifest" /manifest Debug\109div2.exe.intermediate.manifest
         所有输出均为最新。
       LinkEmbedManifest:
         所有输出均为最新。
         109div2.vcxproj -> C:\Users\liuzixing\Desktop\cf\109div2\Debug\109div2.exe
       FinalizeBuildStatus:
         正在删除文件“Debug\109div2.unsuccessfulbuild”。
         正在对“Debug\109div2.lastbuildstate”执行 Touch 任务。
     1>已完成生成项目“C:\Users\liuzixing\Desktop\cf\109div2\109div2\109div2.vcxproj”(build 个目标)的操作。

生成成功。

已用时间 00:00:00.76
