F:\学习\ACM\POJ\ACM\ACM\DEBUG\1050.OBJ
F:\学习\ACM\POJ\ACM\ACM\DEBUG\1631.OBJ
F:\学习\ACM\POJ\ACM\ACM\DEBUG\1836.OBJ
F:\学习\ACM\POJ\ACM\ACM\DEBUG\2479.OBJ
F:\学习\ACM\POJ\ACM\ACM\DEBUG\3176.OBJ
F:\学习\ACM\POJ\ACM\ACM\DEBUG\3259.OBJ
F:\学习\ACM\POJ\ACM\ACM\DEBUG\ACM.EXE.EMBED.MANIFEST
F:\学习\ACM\POJ\ACM\ACM\DEBUG\ACM.EXE.EMBED.MANIFEST.RES
F:\学习\ACM\POJ\ACM\ACM\DEBUG\ACM.EXE.INTERMEDIATE.MANIFEST
F:\学习\ACM\POJ\acm\acm\Debug\acm_manifest.rc
F:\学习\ACM\POJ\acm\acm\Debug\cl.command.1.tlog
F:\学习\ACM\POJ\acm\acm\Debug\CL.read.1.tlog
F:\学习\ACM\POJ\acm\acm\Debug\CL.write.1.tlog
F:\学习\ACM\POJ\acm\acm\Debug\link.1640.read.1.tlog
F:\学习\ACM\POJ\acm\acm\Debug\link.1640.write.1.tlog
F:\学习\ACM\POJ\acm\acm\Debug\link.1640-cvtres.read.1.tlog
F:\学习\ACM\POJ\acm\acm\Debug\link.1640-cvtres.write.1.tlog
F:\学习\ACM\POJ\acm\acm\Debug\link.2856.read.1.tlog
F:\学习\ACM\POJ\acm\acm\Debug\link.2856.write.1.tlog
F:\学习\ACM\POJ\acm\acm\Debug\link.2856-cvtres.read.1.tlog
F:\学习\ACM\POJ\acm\acm\Debug\link.2856-cvtres.write.1.tlog
F:\学习\ACM\POJ\acm\acm\Debug\link.3916.read.1.tlog
F:\学习\ACM\POJ\acm\acm\Debug\link.3916.write.1.tlog
F:\学习\ACM\POJ\acm\acm\Debug\link.3916-cvtres.read.1.tlog
F:\学习\ACM\POJ\acm\acm\Debug\link.3916-cvtres.write.1.tlog
F:\学习\ACM\POJ\acm\acm\Debug\link.3972.read.1.tlog
F:\学习\ACM\POJ\acm\acm\Debug\link.3972.write.1.tlog
F:\学习\ACM\POJ\acm\acm\Debug\link.3972-cvtres.read.1.tlog
F:\学习\ACM\POJ\acm\acm\Debug\link.3972-cvtres.write.1.tlog
F:\学习\ACM\POJ\acm\acm\Debug\link.4044.read.1.tlog
F:\学习\ACM\POJ\acm\acm\Debug\link.4044.write.1.tlog
F:\学习\ACM\POJ\acm\acm\Debug\link.4044-cvtres.read.1.tlog
F:\学习\ACM\POJ\acm\acm\Debug\link.4044-cvtres.write.1.tlog
F:\学习\ACM\POJ\acm\acm\Debug\link.544.read.1.tlog
F:\学习\ACM\POJ\acm\acm\Debug\link.544.write.1.tlog
F:\学习\ACM\POJ\acm\acm\Debug\link.544-cvtres.read.1.tlog
F:\学习\ACM\POJ\acm\acm\Debug\link.544-cvtres.write.1.tlog
F:\学习\ACM\POJ\acm\acm\Debug\link.command.1.tlog
F:\学习\ACM\POJ\acm\acm\Debug\link.read.1.tlog
F:\学习\ACM\POJ\acm\acm\Debug\link.write.1.tlog
F:\学习\ACM\POJ\acm\acm\Debug\link-cvtres.read.1.tlog
F:\学习\ACM\POJ\acm\acm\Debug\link-cvtres.write.1.tlog
F:\学习\ACM\POJ\acm\acm\Debug\mt.command.1.tlog
F:\学习\ACM\POJ\acm\acm\Debug\mt.read.1.tlog
F:\学习\ACM\POJ\acm\acm\Debug\mt.write.1.tlog
F:\学习\ACM\POJ\acm\acm\Debug\rc.command.1.tlog
F:\学习\ACM\POJ\acm\acm\Debug\rc.read.1.tlog
F:\学习\ACM\POJ\acm\acm\Debug\rc.write.1.tlog
F:\学习\ACM\POJ\acm\acm\Debug\vc100.idb
F:\学习\ACM\POJ\ACM\ACM\DEBUG\VC100.PDB
F:\学习\ACM\POJ\ACM\DEBUG\ACM.EXE
F:\学习\ACM\POJ\ACM\DEBUG\ACM.ILK
F:\学习\ACM\POJ\ACM\DEBUG\ACM.PDB
