生成启动时间为 2012/8/4 星期六 0:25:16。
     1>项目“F:\学习\ACM\POJ\poj\poj\acm.vcxproj”在节点 2 上(build 个目标)。
     1>InitializeBuildStatus:
         正在创建“Debug\poj.unsuccessfulbuild”，因为已指定“AlwaysCreate”。
       ClCompile:
         D:\Program Files\Microsoft Visual Studio 10.0\VC\bin\CL.exe /c /ZI /nologo /W3 /WX- /Od /Oy- /D WIN32 /D _DEBUG /D _CONSOLE /D _UNICODE /D UNICODE /Gm /EHsc /RTC1 /MDd /GS /fp:precise /Zc:wchar_t /Zc:forScope /Fo"Debug\\" /Fd"Debug\vc100.pdb" /Gd /TP /analyze- /errorReport:prompt "poj3026-Borg Maze.cpp"
         poj3026-Borg Maze.cpp
     1>f:\学习\acm\poj\poj\poj\poj3026-borg maze.cpp(37): warning C4244: “return”: 从“double”转换到“int”，可能丢失数据
     1>f:\学习\acm\poj\poj\poj\poj3026-borg maze.cpp(69): warning C4996: 'scanf': This function or variable may be unsafe. Consider using scanf_s instead. To disable deprecation, use _CRT_SECURE_NO_WARNINGS. See online help for details.
                 d:\program files\microsoft visual studio 10.0\vc\include\stdio.h(304) : 参见“scanf”的声明
     1>f:\学习\acm\poj\poj\poj\poj3026-borg maze.cpp(71): warning C4996: 'scanf': This function or variable may be unsafe. Consider using scanf_s instead. To disable deprecation, use _CRT_SECURE_NO_WARNINGS. See online help for details.
                 d:\program files\microsoft visual studio 10.0\vc\include\stdio.h(304) : 参见“scanf”的声明
     1>f:\学习\acm\poj\poj\poj\poj3026-borg maze.cpp(75): warning C4996: 'gets': This function or variable may be unsafe. Consider using gets_s instead. To disable deprecation, use _CRT_SECURE_NO_WARNINGS. See online help for details.
                 d:\program files\microsoft visual studio 10.0\vc\include\stdio.h(277) : 参见“gets”的声明
       ManifestResourceCompile:
         所有输出均为最新。
       Link:
         D:\Program Files\Microsoft Visual Studio 10.0\VC\bin\link.exe /ERRORREPORT:PROMPT /OUT:"F:\学习\ACM\POJ\poj\poj\Debug\poj.exe" /INCREMENTAL /NOLOGO kernel32.lib user32.lib gdi32.lib winspool.lib comdlg32.lib advapi32.lib shell32.lib ole32.lib oleaut32.lib uuid.lib odbc32.lib odbccp32.lib /MANIFEST /ManifestFile:"Debug\poj.exe.intermediate.manifest" /MANIFESTUAC:"level='asInvoker' uiAccess='false'" /DEBUG /PDB:"F:\学习\ACM\POJ\poj\poj\Debug\poj.pdb" /SUBSYSTEM:CONSOLE /TLBID:1 /DYNAMICBASE /NXCOMPAT /IMPLIB:"F:\学习\ACM\POJ\poj\poj\Debug\poj.lib" /MACHINE:X86 Debug\poj.exe.embed.manifest.res
         "Debug\poj3026-Borg Maze.obj"
       Manifest:
         C:\Program Files\Microsoft SDKs\Windows\v7.0A\bin\mt.exe /nologo /verbose /out:"Debug\poj.exe.embed.manifest" /manifest Debug\poj.exe.intermediate.manifest
         所有输出均为最新。
       LinkEmbedManifest:
         所有输出均为最新。
         acm.vcxproj -> F:\学习\ACM\POJ\poj\poj\Debug\poj.exe
       FinalizeBuildStatus:
         正在删除文件“Debug\poj.unsuccessfulbuild”。
         正在对“Debug\poj.lastbuildstate”执行 Touch 任务。
     1>已完成生成项目“F:\学习\ACM\POJ\poj\poj\acm.vcxproj”(build 个目标)的操作。

生成成功。

已用时间 00:00:01.12
