F:\学习\ACM\POJ\poj\poj\Debug\cl.command.1.tlog
F:\学习\ACM\POJ\poj\poj\Debug\CL.read.1.tlog
F:\学习\ACM\POJ\poj\poj\Debug\CL.write.1.tlog
F:\学习\ACM\POJ\poj\poj\Debug\link.3128.read.1.tlog
F:\学习\ACM\POJ\poj\poj\Debug\link.3128.write.1.tlog
F:\学习\ACM\POJ\poj\poj\Debug\link.3128-cvtres.read.1.tlog
F:\学习\ACM\POJ\poj\poj\Debug\link.3128-cvtres.write.1.tlog
F:\学习\ACM\POJ\poj\poj\Debug\link.command.1.tlog
F:\学习\ACM\POJ\poj\poj\Debug\link.read.1.tlog
F:\学习\ACM\POJ\poj\poj\Debug\link.write.1.tlog
F:\学习\ACM\POJ\poj\poj\Debug\link-cvtres.read.1.tlog
F:\学习\ACM\POJ\poj\poj\Debug\link-cvtres.write.1.tlog
F:\学习\ACM\POJ\poj\poj\Debug\mt.command.1.tlog
F:\学习\ACM\POJ\poj\poj\Debug\mt.read.1.tlog
F:\学习\ACM\POJ\poj\poj\Debug\mt.write.1.tlog
F:\学习\ACM\POJ\POJ\POJ\DEBUG\POJ.EXE
F:\学习\ACM\POJ\POJ\POJ\DEBUG\POJ.EXE.EMBED.MANIFEST
F:\学习\ACM\POJ\POJ\POJ\DEBUG\POJ.EXE.EMBED.MANIFEST.RES
F:\学习\ACM\POJ\POJ\POJ\DEBUG\POJ.EXE.INTERMEDIATE.MANIFEST
F:\学习\ACM\POJ\POJ\POJ\DEBUG\POJ.ILK
F:\学习\ACM\POJ\POJ\POJ\DEBUG\POJ.PDB
F:\学习\ACM\POJ\poj\poj\Debug\poj_manifest.rc
F:\学习\ACM\POJ\POJ\POJ\DEBUG\POJ3225-HELP WITH INTERVALS.OBJ
F:\学习\ACM\POJ\poj\poj\Debug\rc.command.1.tlog
F:\学习\ACM\POJ\poj\poj\Debug\rc.read.1.tlog
F:\学习\ACM\POJ\poj\poj\Debug\rc.write.1.tlog
F:\学习\ACM\POJ\poj\poj\Debug\vc100.idb
F:\学习\ACM\POJ\POJ\POJ\DEBUG\VC100.PDB
