F:\学习\ACM\UESTC\DEBUG\UESTC.EXE
F:\学习\ACM\UESTC\DEBUG\UESTC.ILK
F:\学习\ACM\UESTC\DEBUG\UESTC.PDB
F:\学习\ACM\UESTC\UESTC\DEBUG\1055 - THE MOST WONDERFUL COMPETITION(2).OBJ
F:\学习\ACM\UESTC\UESTC\DEBUG\1055-THE MOST WONDERFUL COMPETITION.OBJ
F:\学习\ACM\UESTC\UESTC\Debug\cl.command.1.tlog
F:\学习\ACM\UESTC\UESTC\Debug\CL.read.1.tlog
F:\学习\ACM\UESTC\UESTC\Debug\CL.write.1.tlog
F:\学习\ACM\UESTC\UESTC\Debug\link.3648.read.1.tlog
F:\学习\ACM\UESTC\UESTC\Debug\link.3648.write.1.tlog
F:\学习\ACM\UESTC\UESTC\Debug\link.3648-cvtres.read.1.tlog
F:\学习\ACM\UESTC\UESTC\Debug\link.3648-cvtres.write.1.tlog
F:\学习\ACM\UESTC\UESTC\Debug\link.3700.read.1.tlog
F:\学习\ACM\UESTC\UESTC\Debug\link.3700.write.1.tlog
F:\学习\ACM\UESTC\UESTC\Debug\link.3700-cvtres.read.1.tlog
F:\学习\ACM\UESTC\UESTC\Debug\link.3700-cvtres.write.1.tlog
F:\学习\ACM\UESTC\UESTC\Debug\link.command.1.tlog
F:\学习\ACM\UESTC\UESTC\Debug\link.read.1.tlog
F:\学习\ACM\UESTC\UESTC\Debug\link.write.1.tlog
F:\学习\ACM\UESTC\UESTC\Debug\link-cvtres.read.1.tlog
F:\学习\ACM\UESTC\UESTC\Debug\link-cvtres.write.1.tlog
F:\学习\ACM\UESTC\UESTC\Debug\mt.command.1.tlog
F:\学习\ACM\UESTC\UESTC\Debug\mt.read.1.tlog
F:\学习\ACM\UESTC\UESTC\Debug\mt.write.1.tlog
F:\学习\ACM\UESTC\UESTC\Debug\rc.command.1.tlog
F:\学习\ACM\UESTC\UESTC\Debug\rc.read.1.tlog
F:\学习\ACM\UESTC\UESTC\Debug\rc.write.1.tlog
F:\学习\ACM\UESTC\UESTC\DEBUG\UESTC.EXE.EMBED.MANIFEST
F:\学习\ACM\UESTC\UESTC\DEBUG\UESTC.EXE.EMBED.MANIFEST.RES
F:\学习\ACM\UESTC\UESTC\DEBUG\UESTC.EXE.INTERMEDIATE.MANIFEST
F:\学习\ACM\UESTC\UESTC\Debug\UESTC_manifest.rc
F:\学习\ACM\UESTC\UESTC\Debug\vc100.idb
F:\学习\ACM\UESTC\UESTC\DEBUG\VC100.PDB
