生成启动时间为 2011/6/1 8:23:10。
     1>项目“F:\学习\ACM\UESTC\UESTC\UESTC.vcxproj”在节点 2 上(build 个目标)。
     1>InitializeBuildStatus:
         正在创建“Debug\UESTC.unsuccessfulbuild”，因为已指定“AlwaysCreate”。
       ClCompile:
         D:\Program Files\Microsoft Visual Studio 10.0\VC\bin\CL.exe /c /ZI /nologo /W3 /WX- /Od /Oy- /D WIN32 /D _DEBUG /D _CONSOLE /D _UNICODE /D UNICODE /Gm /EHsc /RTC1 /MDd /GS /fp:precise /Zc:wchar_t /Zc:forScope /Fo"Debug\\" /Fd"Debug\vc100.pdb" /Gd /TP /analyze- /errorReport:prompt "1055-The Most Wonderful Competition.cpp"
         1055-The Most Wonderful Competition.cpp
     1>f:\学习\acm\uestc\uestc\1055-the most wonderful competition.cpp(32): warning C4996: 'scanf': This function or variable may be unsafe. Consider using scanf_s instead. To disable deprecation, use _CRT_SECURE_NO_WARNINGS. See online help for details.
                 d:\program files\microsoft visual studio 10.0\vc\include\stdio.h(304) : 参见“scanf”的声明
     1>f:\学习\acm\uestc\uestc\1055-the most wonderful competition.cpp(36): warning C4996: 'scanf': This function or variable may be unsafe. Consider using scanf_s instead. To disable deprecation, use _CRT_SECURE_NO_WARNINGS. See online help for details.
                 d:\program files\microsoft visual studio 10.0\vc\include\stdio.h(304) : 参见“scanf”的声明
     1>f:\学习\acm\uestc\uestc\1055-the most wonderful competition.cpp(41): warning C4996: 'scanf': This function or variable may be unsafe. Consider using scanf_s instead. To disable deprecation, use _CRT_SECURE_NO_WARNINGS. See online help for details.
                 d:\program files\microsoft visual studio 10.0\vc\include\stdio.h(304) : 参见“scanf”的声明
       ManifestResourceCompile:
         所有输出均为最新。
       Link:
         D:\Program Files\Microsoft Visual Studio 10.0\VC\bin\link.exe /ERRORREPORT:PROMPT /OUT:"F:\学习\ACM\UESTC\Debug\UESTC.exe" /INCREMENTAL /NOLOGO kernel32.lib user32.lib gdi32.lib winspool.lib comdlg32.lib advapi32.lib shell32.lib ole32.lib oleaut32.lib uuid.lib odbc32.lib odbccp32.lib /MANIFEST /ManifestFile:"Debug\UESTC.exe.intermediate.manifest" /MANIFESTUAC:"level='asInvoker' uiAccess='false'" /DEBUG /PDB:"F:\学习\ACM\UESTC\Debug\UESTC.pdb" /SUBSYSTEM:CONSOLE /TLBID:1 /DYNAMICBASE /NXCOMPAT /IMPLIB:"F:\学习\ACM\UESTC\Debug\UESTC.lib" /MACHINE:X86 Debug\UESTC.exe.embed.manifest.res
         "Debug\1055-The Most Wonderful Competition.obj"
       Manifest:
         C:\Program Files\Microsoft SDKs\Windows\v7.0A\bin\mt.exe /nologo /verbose /out:"Debug\UESTC.exe.embed.manifest" /manifest Debug\UESTC.exe.intermediate.manifest
         所有输出均为最新。
       LinkEmbedManifest:
         所有输出均为最新。
         UESTC.vcxproj -> F:\学习\ACM\UESTC\Debug\UESTC.exe
       FinalizeBuildStatus:
         正在删除文件“Debug\UESTC.unsuccessfulbuild”。
         正在对“Debug\UESTC.lastbuildstate”执行 Touch 任务。
     1>已完成生成项目“F:\学习\ACM\UESTC\UESTC\UESTC.vcxproj”(build 个目标)的操作。

生成成功。

已用时间 00:00:04.42
