生成启动时间为 2011/9/19 14:56:39。
     1>项目“F:\学习\ACM\BUPT\BUPT\BUPT.vcxproj”在节点 2 上(build 个目标)。
     1>InitializeBuildStatus:
         正在创建“Debug\BUPT.unsuccessfulbuild”，因为已指定“AlwaysCreate”。
       ClCompile:
         D:\Program Files\Microsoft Visual Studio 10.0\VC\bin\CL.exe /c /ZI /nologo /W3 /WX- /Od /Oy- /D WIN32 /D _DEBUG /D _CONSOLE /D _UNICODE /D UNICODE /Gm /EHsc /RTC1 /MDd /GS /fp:precise /Zc:wchar_t /Zc:forScope /Fo"Debug\\" /Fd"Debug\vc100.pdb" /Gd /TP /analyze- /errorReport:prompt "BUPT216-Machine scheduling.cpp"
         BUPT216-Machine scheduling.cpp
     1>f:\学习\acm\bupt\bupt\bupt216-machine scheduling.cpp(39): warning C4996: 'scanf': This function or variable may be unsafe. Consider using scanf_s instead. To disable deprecation, use _CRT_SECURE_NO_WARNINGS. See online help for details.
                 d:\program files\microsoft visual studio 10.0\vc\include\stdio.h(304) : 参见“scanf”的声明
     1>f:\学习\acm\bupt\bupt\bupt216-machine scheduling.cpp(46): warning C4244: “初始化”: 从“__int64”转换到“int”，可能丢失数据
       ManifestResourceCompile:
         所有输出均为最新。
       Link:
         D:\Program Files\Microsoft Visual Studio 10.0\VC\bin\link.exe /ERRORREPORT:PROMPT /OUT:"F:\学习\ACM\BUPT\Debug\BUPT.exe" /INCREMENTAL /NOLOGO kernel32.lib user32.lib gdi32.lib winspool.lib comdlg32.lib advapi32.lib shell32.lib ole32.lib oleaut32.lib uuid.lib odbc32.lib odbccp32.lib /MANIFEST /ManifestFile:"Debug\BUPT.exe.intermediate.manifest" /MANIFESTUAC:"level='asInvoker' uiAccess='false'" /DEBUG /PDB:"F:\学习\ACM\BUPT\Debug\BUPT.pdb" /SUBSYSTEM:CONSOLE /TLBID:1 /DYNAMICBASE /NXCOMPAT /IMPLIB:"F:\学习\ACM\BUPT\Debug\BUPT.lib" /MACHINE:X86 Debug\BUPT.exe.embed.manifest.res
         "Debug\BUPT216-Machine scheduling.obj"
       Manifest:
         C:\Program Files\Microsoft SDKs\Windows\v7.0A\bin\mt.exe /nologo /verbose /out:"Debug\BUPT.exe.embed.manifest" /manifest Debug\BUPT.exe.intermediate.manifest
         所有输出均为最新。
       LinkEmbedManifest:
         所有输出均为最新。
         BUPT.vcxproj -> F:\学习\ACM\BUPT\Debug\BUPT.exe
       FinalizeBuildStatus:
         正在删除文件“Debug\BUPT.unsuccessfulbuild”。
         正在对“Debug\BUPT.lastbuildstate”执行 Touch 任务。
     1>已完成生成项目“F:\学习\ACM\BUPT\BUPT\BUPT.vcxproj”(build 个目标)的操作。

生成成功。

已用时间 00:00:01.21
