F:\学习\ACM\BUPT\BUPT\DEBUG\BUPT.EXE.EMBED.MANIFEST
F:\学习\ACM\BUPT\BUPT\DEBUG\BUPT.EXE.EMBED.MANIFEST.RES
F:\学习\ACM\BUPT\BUPT\Debug\BUPT.exe.intermediate.manifest
F:\学习\ACM\BUPT\BUPT\Debug\BUPT_manifest.rc
F:\学习\ACM\BUPT\BUPT\DEBUG\BUPT216-MACHINE SCHEDULING.OBJ
F:\学习\ACM\BUPT\BUPT\DEBUG\BUPT220-TOURISM PLANNING.OBJ
F:\学习\ACM\BUPT\BUPT\Debug\cl.command.1.tlog
F:\学习\ACM\BUPT\BUPT\Debug\CL.read.1.tlog
F:\学习\ACM\BUPT\BUPT\Debug\CL.write.1.tlog
F:\学习\ACM\BUPT\BUPT\Debug\link.4896.read.1.tlog
F:\学习\ACM\BUPT\BUPT\Debug\link.4896.write.1.tlog
F:\学习\ACM\BUPT\BUPT\Debug\link.4896-cvtres.read.1.tlog
F:\学习\ACM\BUPT\BUPT\Debug\link.4896-cvtres.write.1.tlog
F:\学习\ACM\BUPT\BUPT\Debug\link.command.1.tlog
F:\学习\ACM\BUPT\BUPT\Debug\link.read.1.tlog
F:\学习\ACM\BUPT\BUPT\Debug\link.write.1.tlog
F:\学习\ACM\BUPT\BUPT\Debug\link-cvtres.read.1.tlog
F:\学习\ACM\BUPT\BUPT\Debug\link-cvtres.write.1.tlog
F:\学习\ACM\BUPT\BUPT\Debug\mt.command.1.tlog
F:\学习\ACM\BUPT\BUPT\Debug\mt.read.1.tlog
F:\学习\ACM\BUPT\BUPT\Debug\mt.write.1.tlog
F:\学习\ACM\BUPT\BUPT\Debug\rc.command.1.tlog
F:\学习\ACM\BUPT\BUPT\Debug\rc.read.1.tlog
F:\学习\ACM\BUPT\BUPT\Debug\rc.write.1.tlog
F:\学习\ACM\BUPT\BUPT\Debug\vc100.idb
F:\学习\ACM\BUPT\BUPT\DEBUG\VC100.PDB
F:\学习\ACM\BUPT\Debug\BUPT.exe
F:\学习\ACM\BUPT\Debug\BUPT.ilk
F:\学习\ACM\BUPT\Debug\BUPT.pdb
